<?xml version="1.0" encoding="UTF-8"?>
<testng-results ignored="0" total="1" passed="1" failed="0" skipped="0">
  <reporter-output>
  </reporter-output>
  <suite started-at="2024-03-20T21:28:59 MST" name="Default suite" finished-at="2024-03-20T21:29:15 MST" duration-ms="15618">
    <groups>
    </groups>
    <test started-at="2024-03-20T21:28:59 MST" name="Default test" finished-at="2024-03-20T21:29:15 MST" duration-ms="15618">
      <class name="group_01.AssignmentS7">
        <test-method is-config="true" signature="ConfigureAppium()[pri:0, instance:group_01.AssignmentS7@59474f18]" started-at="2024-03-20T21:28:59 MST" name="ConfigureAppium" finished-at="2024-03-20T21:29:05 MST" duration-ms="5594" status="PASS">
          <reporter-output>
          </reporter-output>
        </test-method> <!-- ConfigureAppium -->
        <test-method signature="AlertDialogsTest()[pri:0, instance:group_01.AssignmentS7@59474f18]" started-at="2024-03-20T21:29:05 MST" name="AlertDialogsTest" finished-at="2024-03-20T21:29:15 MST" duration-ms="9721" status="PASS">
          <reporter-output>
          </reporter-output>
        </test-method> <!-- AlertDialogsTest -->
        <test-method is-config="true" signature="tearDown()[pri:0, instance:group_01.AssignmentS7@59474f18]" started-at="2024-03-20T21:29:15 MST" name="tearDown" finished-at="2024-03-20T21:29:15 MST" duration-ms="271" status="PASS">
          <reporter-output>
          </reporter-output>
        </test-method> <!-- tearDown -->
      </class> <!-- group_01.AssignmentS7 -->
    </test> <!-- Default test -->
  </suite> <!-- Default suite -->
</testng-results>
