<?xml version="1.0" encoding="UTF-8"?>
<testng-results ignored="0" total="1" passed="1" failed="0" skipped="0">
  <reporter-output>
  </reporter-output>
  <suite started-at="2024-05-26T01:01:31 MDT" name="Default suite" finished-at="2024-05-26T01:02:05 MDT" duration-ms="33858">
    <groups>
    </groups>
    <test started-at="2024-05-26T01:01:31 MDT" name="Default test" finished-at="2024-05-26T01:02:05 MDT" duration-ms="33858">
      <class name="group_01.eCommerce_tc_2">
        <test-method is-config="true" signature="ConfigureAppium()[pri:0, instance:group_01.eCommerce_tc_2@4802796d]" started-at="2024-05-26T01:01:31 MDT" name="ConfigureAppium" finished-at="2024-05-26T01:01:40 MDT" duration-ms="9107" status="PASS">
          <reporter-output>
          </reporter-output>
        </test-method> <!-- ConfigureAppium -->
        <test-method signature="FillForm()[pri:0, instance:group_01.eCommerce_tc_2@4802796d]" started-at="2024-05-26T01:01:40 MDT" name="FillForm" finished-at="2024-05-26T01:02:04 MDT" duration-ms="24127" status="PASS">
          <reporter-output>
          </reporter-output>
        </test-method> <!-- FillForm -->
        <test-method is-config="true" signature="tearDown()[pri:0, instance:group_01.eCommerce_tc_2@4802796d]" started-at="2024-05-26T01:02:04 MDT" name="tearDown" finished-at="2024-05-26T01:02:05 MDT" duration-ms="586" status="PASS">
          <reporter-output>
          </reporter-output>
        </test-method> <!-- tearDown -->
      </class> <!-- group_01.eCommerce_tc_2 -->
    </test> <!-- Default test -->
  </suite> <!-- Default suite -->
</testng-results>
